<?xml version="1.0" encoding="utf-8"?><testsuites name="pytest tests"><testsuite name="pytest" errors="0" failures="0" skipped="0" tests="29" time="0.188" timestamp="2026-08-10T10:58:42.082217+07:00" hostname="Doan-Ngoc-Nhan-s-MacBook-Pro.local"><testcase classname="tests.test_ai_alerts" name="test_ai_alert_is_idempotent" time="0.017" /><testcase classname="tests.test_ai_alerts" name="test_driver_alert_is_forwarded_to_carsky_once" time="0.012" /><testcase classname="tests.test_ai_alerts" name="test_live_trip_registry_keeps_completed_trip_history" time="0.015" /><testcase classname="tests.test_ai_alerts" name="test_live_snapshot_is_forwarded_to_carsky" time="0.009" /><testcase classname="tests.test_carsky" name="test_decision_event_maps_without_recomputing_ai_severity" time="0.000" /><testcase classname="tests.test_carsky" name="test_mapper_omits_infinite_ttc_and_preserves_ai_risk" time="0.000" /><testcase classname="tests.test_carsky" name="test_client_uses_bearer_and_expected_path" time="0.001" /><testcase classname="tests.test_carsky" name="test_client_does_not_retry_auth_failure" time="0.001" /><testcase classname="tests.test_carsky" name="test_publisher_delivers_without_blocking_producer" time="0.001" /><testcase classname="tests.test_config" name="test_environment_overrides_and_comma_separated_cors" time="0.001" /><testcase classname="tests.test_config" name="test_wildcard_cors_is_rejected" time="0.001" /><testcase classname="tests.test_contract" name="test_ai_payload_round_trip_preserves_source_fields" time="0.000" /><testcase classname="tests.test_contract" name="test_mismatched_trip_ids_are_rejected" time="0.000" /><testcase classname="tests.test_contract" name="test_invalid_ai_values_are_rejected[field_path0-unknown]" time="0.000" /><testcase classname="tests.test_contract" name="test_invalid_ai_values_are_rejected[field_path1-1.1]" time="0.000" /><testcase classname="tests.test_contract" name="test_invalid_ai_values_are_rejected[field_path2--1]" time="0.000" /><testcase classname="tests.test_contract" name="test_invalid_ai_values_are_rejected[field_path3-101]" time="0.000" /><testcase classname="tests.test_contract" name="test_invalid_ai_values_are_rejected[field_path4-nan]" time="0.000" /><testcase classname="tests.test_contract" name="test_invalid_ai_values_are_rejected[field_path5--inf]" time="0.000" /><testcase classname="tests.test_health" name="test_health_is_public_and_matches_contract" time="0.004" /><testcase classname="tests.test_health" name="test_ready_returns_503_for_empty_cache" time="0.003" /><testcase classname="tests.test_health" name="test_ready_returns_200_for_all_expected_trips" time="0.005" /><testcase classname="tests.test_health" name="test_external_api_mode_requires_outbound_credentials" time="0.004" /><testcase classname="tests.test_health" name="test_openapi_has_no_authentication_scheme" time="0.040" /><testcase classname="tests.test_health" name="test_request_id_is_preserved_on_errors" time="0.016" /><testcase classname="tests.test_health" name="test_invalid_query_uses_common_422_error_contract" time="0.014" /><testcase classname="tests.test_health" name="test_missing_trip_uses_common_404_error_contract" time="0.015" /><testcase classname="tests.test_health" name="test_cors_preflight_allows_local_frontend" time="0.004" /><testcase classname="tests.test_health" name="test_cors_preflight_allows_product_dashboard" time="0.004" /></testsuite></testsuites>