$ /Users/lilnhan/Documents/GitHub/Hackathon-Automotive-2026/HACKATHON/SE/BE/.venv/bin/python -m pytest tests

============================= test session starts ==============================
platform darwin -- Python 3.11.15, pytest-9.1.1, pluggy-1.6.0
rootdir: /Users/lilnhan/Documents/GitHub/Hackathon-Automotive-2026/HACKATHON/SE/BE
plugins: asyncio-1.4.0, anyio-4.14.2
asyncio: mode=Mode.STRICT, debug=False, asyncio_default_fixture_loop_scope=None, asyncio_default_test_loop_scope=function
collected 29 items

tests/test_ai_alerts.py ....                                             [ 13%]
tests/test_carsky.py .....                                               [ 31%]
tests/test_config.py ..                                                  [ 37%]
tests/test_contract.py ........                                          [ 65%]
tests/test_health.py ..........                                          [100%]

=============================== warnings summary ===============================
.venv/lib/python3.11/site-packages/fastapi/testclient.py:1
  /Users/lilnhan/Documents/GitHub/Hackathon-Automotive-2026/HACKATHON/SE/BE/.venv/lib/python3.11/site-packages/fastapi/testclient.py:1: StarletteDeprecationWarning: Using `httpx` with `starlette.testclient` is deprecated; install `httpx2` instead.
    from starlette.testclient import TestClient as TestClient  # noqa

-- Docs: https://docs.pytest.org/en/stable/how-to/capture-warnings.html
======================== 29 passed, 1 warning in 0.19s =========================
